2025-08-30 00:27:31,884 - INFO - Starting download for URL: https://www.tiktok.com/@babyboofunny/video/7523786006542241079?is_from_webapp=1&sender_device=pc
2025-08-30 00:27:55,937 - INFO - Download completed successfully
2025-08-30 00:29:46,657 - INFO - Starting download for URL: https://www.tiktok.com/@ehfea/video/7536937672632192270
2025-08-30 00:30:06,009 - INFO - Download completed successfully
2025-08-30 00:30:06,011 - INFO - Starting download for URL: https://www.tiktok.com/@topworldmoment/video/7487241884029472022
2025-08-30 00:30:33,000 - ERROR - Download error: [0;31mERROR:[0m [download] Got error: <urllib3.connection.HTTPSConnection object at 0x127409880>: Failed to establish a new connection: [Errno 61] Connection refused
2025-08-30 00:30:33,000 - INFO - Starting download for URL: https://www.tiktok.com/@ehculo/video/7414353284070214944
2025-08-30 00:30:33,320 - ERROR - Download error: [0;31mERROR:[0m [TikTok] 7414353284070214944: Unable to download webpage: <urllib3.connection.HTTPSConnection object at 0x1161b71d0>: Failed to establish a new connection: [Errno 61] Connection refused (caused by TransportError('<urllib3.connection.HTTPSConnection object at 0x1161b71d0>: Failed to establish a new connection: [Errno 61] Connection refused'))
2025-08-30 00:30:33,320 - INFO - Starting download for URL: https://www.tiktok.com/@usthasbpscz/video/7485217206184316182
2025-08-30 00:30:33,571 - ERROR - Download error: [0;31mERROR:[0m [TikTok] 7485217206184316182: Unable to download webpage: <urllib3.connection.HTTPSConnection object at 0x1272fcad0>: Failed to establish a new connection: [Errno 61] Connection refused (caused by TransportError('<urllib3.connection.HTTPSConnection object at 0x1272fcad0>: Failed to establish a new connection: [Errno 61] Connection refused'))
2025-08-30 00:30:33,571 - INFO - Starting download for URL: https://www.tiktok.com/@kidfunai/video/7539480497630563598
2025-08-30 00:30:33,812 - ERROR - Download error: [0;31mERROR:[0m [TikTok] 7539480497630563598: Unable to download webpage: <urllib3.connection.HTTPSConnection object at 0x127315c40>: Failed to establish a new connection: [Errno 61] Connection refused (caused by TransportError('<urllib3.connection.HTTPSConnection object at 0x127315c40>: Failed to establish a new connection: [Errno 61] Connection refused'))
2025-08-30 00:30:36,019 - INFO - Starting download for URL: https://www.tiktok.com/@ehfea/video/7536937672632192270
2025-08-30 00:30:36,207 - ERROR - Download error: [0;31mERROR:[0m [TikTok] 7536937672632192270: Unable to download webpage: <urllib3.connection.HTTPSConnection object at 0x1273274a0>: Failed to establish a new connection: [Errno 61] Connection refused (caused by TransportError('<urllib3.connection.HTTPSConnection object at 0x1273274a0>: Failed to establish a new connection: [Errno 61] Connection refused'))
2025-08-30 00:30:36,208 - INFO - Starting download for URL: https://www.tiktok.com/@topworldmoment/video/7487241884029472022
2025-08-30 00:30:36,429 - ERROR - Download error: [0;31mERROR:[0m [TikTok] 7487241884029472022: Unable to download webpage: <urllib3.connection.HTTPSConnection object at 0x12740b230>: Failed to establish a new connection: [Errno 61] Connection refused (caused by TransportError('<urllib3.connection.HTTPSConnection object at 0x12740b230>: Failed to establish a new connection: [Errno 61] Connection refused'))
2025-08-30 00:30:36,429 - INFO - Starting download for URL: https://www.tiktok.com/@ehculo/video/7414353284070214944
2025-08-30 00:30:36,616 - ERROR - Download error: [0;31mERROR:[0m [TikTok] 7414353284070214944: Unable to download webpage: <urllib3.connection.HTTPSConnection object at 0x1273270b0>: Failed to establish a new connection: [Errno 61] Connection refused (caused by TransportError('<urllib3.connection.HTTPSConnection object at 0x1273270b0>: Failed to establish a new connection: [Errno 61] Connection refused'))
2025-08-30 00:30:36,616 - INFO - Starting download for URL: https://www.tiktok.com/@usthasbpscz/video/7485217206184316182
2025-08-30 00:30:36,829 - ERROR - Download error: [0;31mERROR:[0m [TikTok] 7485217206184316182: Unable to download webpage: <urllib3.connection.HTTPSConnection object at 0x1161b77d0>: Failed to establish a new connection: [Errno 61] Connection refused (caused by TransportError('<urllib3.connection.HTTPSConnection object at 0x1161b77d0>: Failed to establish a new connection: [Errno 61] Connection refused'))
2025-08-30 00:30:36,830 - INFO - Starting download for URL: https://www.tiktok.com/@kidfunai/video/7539480497630563598
2025-08-30 00:30:37,078 - ERROR - Download error: [0;31mERROR:[0m [TikTok] 7539480497630563598: Unable to download webpage: <urllib3.connection.HTTPSConnection object at 0x127325400>: Failed to establish a new connection: [Errno 61] Connection refused (caused by TransportError('<urllib3.connection.HTTPSConnection object at 0x127325400>: Failed to establish a new connection: [Errno 61] Connection refused'))
2025-08-31 00:44:08,682 - INFO - Added metadata to Excel: | Funny Baby Moment | 😂😂😂#funny #meme #fyp #top #baby 
2025-08-31 00:44:08,685 - INFO - Added metadata to Excel: The Cutest Reactions 🥺❤️ #baby #babiesoftiktok #babyfever #funnybaby ...
2025-08-31 00:44:08,687 - INFO - Added metadata to Excel: 😭😭😭 funniest baby moments that will make your day 🤣👶 #trytowatchwitho...
2025-08-31 00:44:08,703 - INFO - Excel file saved: downloads/tiktok_videos_metadata_20250831_004408.xlsx
2025-09-01 15:02:07,030 - INFO - Starting download for URL: https://www.tiktok.com/@tonsrankings/video/7525496313627053367
2025-09-01 15:02:24,435 - INFO - Added metadata to Excel: Ranking The Best Baby Moments (Part 2) #cute #baby #adorable #funny#t...
2025-09-01 15:02:24,436 - INFO - Download completed successfully
2025-09-01 15:11:23,363 - INFO - Starting download for URL: https://www.tiktok.com/@tonsrankings/video/7525496313627053367
2025-09-01 15:11:28,840 - INFO - Added metadata to Excel: Ranking The Best Baby Moments (Part 2) #cute #baby #adorable #funny#t...
2025-09-01 15:11:28,841 - INFO - Download completed successfully
2025-09-01 15:11:28,876 - INFO - Excel file saved: downloads/tiktok_videos_metadata.xlsx
2025-09-01 15:12:54,422 - INFO - Starting download for URL: https://www.tiktok.com/@tonsrankings/video/7525496313627053367
2025-09-01 15:13:04,939 - INFO - Added metadata to Excel: Ranking The Best Baby Moments (Part 2) #cute #baby #adorable #funny#t...
2025-09-01 15:13:04,939 - INFO - Download completed successfully
2025-09-01 15:13:04,958 - INFO - Excel file saved: downloads/tiktok_videos_metadata.xlsx
2025-09-01 15:17:30,203 - INFO - Added metadata to Excel: Ranking The Best Baby Moments (Part 2) #cute #baby #adorable #funny#t...
2025-09-01 15:17:30,233 - INFO - Excel file saved: downloads/tiktok_videos_metadata_20250901_151730.xlsx
2025-09-01 15:35:46,825 - INFO - Starting download for URL: https://www.tiktok.com/@tonsrankings/video/7525496313627053367
2025-09-01 15:35:49,764 - INFO - Added metadata to Excel: Ranking The Best Baby Moments (Part 2) #cute #baby #adorable #funny#t...
2025-09-01 15:35:49,764 - INFO - Download completed successfully
2025-09-01 15:35:49,780 - INFO - Excel file saved: downloads/tiktok_videos_metadata.xlsx
2025-09-01 15:36:32,922 - INFO - Starting download for URL: https://www.tiktok.com/@tonsrankings/video/7525496313627053367
2025-09-01 15:36:44,773 - INFO - Added metadata to Excel: Ranking The Best Baby Moments (Part 2) #cute #baby #adorable #funny#t...
2025-09-01 15:36:44,774 - INFO - Download completed successfully
2025-09-01 15:36:44,799 - INFO - Excel file saved: downloads/tiktok_videos_metadata.xlsx
2025-09-01 15:39:32,991 - INFO - Starting download for URL: https://www.tiktok.com/@sunyv8/video/7544443398309170462
2025-09-01 15:39:54,385 - ERROR - Download error: [0;31mERROR:[0m [TikTok] 7544443398309170462: Unable to download webpage: HTTPSConnectionPool(host='www.tiktok.com', port=443): Read timed out. (read timeout=20.0) (caused by TransportError("HTTPSConnectionPool(host='www.tiktok.com', port=443): Read timed out. (read timeout=20.0)"))
2025-09-01 15:39:54,396 - INFO - Excel file saved: downloads/tiktok_videos_metadata.xlsx
2025-09-01 15:40:05,018 - INFO - Starting download for URL: https://www.tiktok.com/@sunyv8/video/7544443398309170462
2025-09-01 15:40:23,049 - INFO - Added metadata to Excel: Ranking The Best Baby Moments (part 3) #edit #baby
2025-09-01 15:40:23,050 - INFO - Download completed successfully
2025-09-01 15:40:23,060 - INFO - Excel file saved: downloads/tiktok_videos_metadata.xlsx
2025-09-01 15:40:33,467 - INFO - Starting download for URL: https://www.tiktok.com/@sunyv8/video/7544443398309170462
2025-09-01 15:40:45,539 - INFO - Added metadata to Excel: Ranking The Best Baby Moments (part 3) #edit #baby
2025-09-01 15:40:45,539 - INFO - Download completed successfully
2025-09-01 15:40:45,565 - INFO - Excel file saved: downloads/tiktok_videos_metadata.xlsx
2025-09-01 15:46:38,742 - INFO - Starting download for URL: https://www.tiktok.com/@sunyv8/video/7544443398309170462
2025-09-01 15:46:47,865 - INFO - Added metadata to Excel: Ranking The Best Baby Moments (part 3) #edit #baby
2025-09-01 15:46:47,866 - INFO - Download completed successfully
2025-09-01 15:46:47,884 - INFO - Excel file saved: downloads/tiktok_videos_metadata.xlsx
2025-09-01 15:54:17,866 - INFO - Starting download for URL: https://www.tiktok.com/@sunyv8/video/7544443398309170462
2025-09-01 15:55:07,297 - INFO - Added metadata to Excel: Ranking The Best Baby Moments (part 3) #edit #baby
2025-09-01 15:55:07,297 - INFO - Download completed successfully
2025-09-01 15:55:07,321 - INFO - Excel file saved: downloads/baby best moments__excel.xlsx
2025-09-01 15:57:40,633 - INFO - Starting download for URL: https://www.tiktok.com/@sunyv8/video/7544443398309170462
2025-09-01 15:57:52,683 - INFO - Added metadata to Excel: Ranking The Best Baby Moments (part 3) #edit #baby
2025-09-01 15:57:52,684 - INFO - Download completed successfully
2025-09-01 15:57:52,700 - INFO - Excel file saved: downloads/tiktok_video__excel.xlsx
2025-09-01 15:58:14,936 - INFO - Starting download for URL: https://www.tiktok.com/@goranking3/video/7544901477152607501
2025-09-01 15:58:42,572 - INFO - Added metadata to Excel: Ranking Baby Maverick Best Moments 😍😍  #maverick #ranking #cute #babi...
2025-09-01 15:58:42,572 - INFO - Download completed successfully
2025-09-01 15:58:42,594 - INFO - Excel file saved: downloads/tiktok_video__excel.xlsx
2025-09-01 16:01:06,933 - INFO - Starting download for URL: https://www.tiktok.com/@goranking3/video/7544901477152607501
2025-09-01 16:01:10,464 - INFO - Added metadata to Excel: Ranking Baby Maverick Best Moments 😍😍  #maverick #ranking #cute #babi...
2025-09-01 16:01:10,465 - INFO - Download completed successfully
2025-09-01 16:01:10,480 - INFO - Excel file saved: downloads/tiktok_video__excel.xlsx
2025-09-01 16:01:37,883 - INFO - Starting download for URL: https://www.tiktok.com/@dailytrendz_1/video/7517316699033570582
2025-09-01 16:01:41,286 - INFO - Added metadata to Excel: Ranking Best Baby And Dad Moments #fyp #viral #funny 
2025-09-01 16:01:41,286 - INFO - Download completed successfully
2025-09-01 16:01:41,299 - INFO - Excel file saved: downloads/tiktok_video__excel.xlsx
2025-09-01 16:01:51,049 - INFO - Starting download for URL: https://www.tiktok.com/@dailytrendz_1/video/7517316699033570582
2025-09-01 16:01:52,923 - INFO - Added metadata to Excel: Ranking Best Baby And Dad Moments #fyp #viral #funny 
2025-09-01 16:01:52,924 - INFO - Download completed successfully
2025-09-01 16:01:52,936 - INFO - Excel file saved: downloads/tiktok_video__excel.xlsx
2025-09-01 16:02:05,469 - INFO - Starting download for URL: https://www.tiktok.com/@mkdtt1/video/7528253035739467038
2025-09-01 16:02:11,293 - INFO - Added metadata to Excel: Best kids baptism moments❤️#baby #babiesoftiktok #babybaptism #funny ...
2025-09-01 16:02:11,294 - INFO - Download completed successfully
2025-09-01 16:02:11,324 - INFO - Excel file saved: downloads/tiktok_video__excel.xlsx
2025-09-01 16:13:22,133 - INFO - Starting download for URL: https://www.tiktok.com/@ehculo/video/7414353284070214944
2025-09-01 16:13:25,842 - INFO - Added metadata to Excel: Episode 11 | 🤣🤣 can’t stop laughing! these babies and their parents a...
2025-09-01 16:13:25,842 - INFO - Download completed successfully
2025-09-01 16:13:25,884 - INFO - Excel file saved: downloads/tiktok_video__excel.xlsx
2025-09-01 16:13:52,559 - INFO - URL already downloaded: https://www.tiktok.com/@ehculo/video/7414353284070214944
2025-09-01 16:13:52,575 - INFO - Excel file saved: downloads/tiktok_video__excel.xlsx
2025-09-01 16:14:14,594 - INFO - Starting download for URL: https://www.tiktok.com/@ehculo/video/7414353284070214944
2025-09-01 16:14:49,090 - INFO - Added metadata to Excel: Episode 11 | 🤣🤣 can’t stop laughing! these babies and their parents a...
2025-09-01 16:14:49,090 - INFO - Download completed successfully
2025-09-01 16:14:49,106 - INFO - Excel file saved: downloads/tiktok_video__excel.xlsx
2025-09-01 16:15:01,633 - INFO - URL already downloaded: https://www.tiktok.com/@ehculo/video/7414353284070214944
2025-09-01 16:15:01,649 - INFO - Excel file saved: downloads/tiktok_video__excel.xlsx
2025-09-01 16:15:03,906 - INFO - URL already downloaded: https://www.tiktok.com/@ehculo/video/7414353284070214944
2025-09-01 16:15:03,914 - INFO - Excel file saved: downloads/tiktok_video__excel.xlsx
2025-09-01 16:15:13,720 - INFO - Starting download for URL: https://www.tiktok.com/@top5.moment3/video/7542942930038738198
2025-09-01 16:15:21,910 - INFO - Added metadata to Excel: Baby maverick best moments #babymaverick #funnymoments #fypシ #babieso...
2025-09-01 16:15:21,911 - INFO - Download completed successfully
2025-09-01 16:15:21,945 - INFO - Excel file saved: downloads/tiktok_video__excel.xlsx
2025-09-01 16:15:50,088 - INFO - Starting download for URL: https://www.tiktok.com/@bigjshorty/video/7521869590788328726
2025-09-01 16:16:09,089 - INFO - Added metadata to Excel: They are so sweet
2025-09-01 16:16:09,089 - INFO - Download completed successfully
2025-09-01 16:16:09,115 - INFO - Excel file saved: downloads/tiktok_video__excel.xlsx
